<?xml version="1.0" encoding="UTF-8"?>
<testng-results ignored="0" total="1" passed="1" failed="0" skipped="0">
  <reporter-output>
  </reporter-output>
  <suite started-at="2024-06-10T17:07:33 IST" name="Default suite" finished-at="2024-06-10T17:08:44 IST" duration-ms="71461">
    <groups>
    </groups>
    <test started-at="2024-06-10T17:07:33 IST" name="Default test" finished-at="2024-06-10T17:08:44 IST" duration-ms="71461">
      <class name="X_YUG.XyugDashBoard">
        <test-method is-config="true" signature="bsconfig()[pri:0, instance:X_YUG.XyugDashBoard@51c668e3]" started-at="2024-06-10T17:07:33 IST" name="bsconfig" finished-at="2024-06-10T17:07:33 IST" duration-ms="36" status="PASS">
          <reporter-output>
          </reporter-output>
        </test-method> <!-- bsconfig -->
        <test-method is-config="true" signature="bcconfig()[pri:0, instance:X_YUG.XyugDashBoard@51c668e3]" started-at="2024-06-10T17:07:33 IST" name="bcconfig" finished-at="2024-06-10T17:07:51 IST" duration-ms="18378" status="PASS">
          <reporter-output>
          </reporter-output>
        </test-method> <!-- bcconfig -->
        <test-method signature="DashboardHome()[pri:0, instance:X_YUG.XyugDashBoard@51c668e3]" started-at="2024-06-10T17:07:51 IST" name="DashboardHome" finished-at="2024-06-10T17:08:44 IST" duration-ms="52398" status="PASS">
          <reporter-output>
          </reporter-output>
        </test-method> <!-- DashboardHome -->
        <test-method is-config="true" signature="amconfig()[pri:0, instance:X_YUG.XyugDashBoard@51c668e3]" started-at="2024-06-10T17:08:44 IST" name="amconfig" finished-at="2024-06-10T17:08:44 IST" duration-ms="1" status="PASS">
          <reporter-output>
          </reporter-output>
        </test-method> <!-- amconfig -->
        <test-method is-config="true" signature="acconfig()[pri:0, instance:X_YUG.XyugDashBoard@51c668e3]" started-at="2024-06-10T17:08:44 IST" name="acconfig" finished-at="2024-06-10T17:08:44 IST" duration-ms="562" status="PASS">
          <reporter-output>
          </reporter-output>
        </test-method> <!-- acconfig -->
      </class> <!-- X_YUG.XyugDashBoard -->
    </test> <!-- Default test -->
  </suite> <!-- Default suite -->
</testng-results>
